生成启动时间为 2018/9/13 23:51:13。
     1>项目“E:\tu\vs_project\MiddleWareX\MiddleWareX\MiddleWareX.vcxproj”在节点 2 上(Rebuild 个目标)。
     1>Midl:
         C:\Program Files (x86)\Windows Kits\8.1\bin\x86\midl.exe /D NDEBUG /W1 /nologo /char signed /env win32 /h "MiddleWareXidl.h" /tlb "Release\MiddleWareX.tlb" /robust MiddleWareX.idl 
         Processing .\MiddleWareX.idl
         MiddleWareX.idl
         Processing C:\Program Files (x86)\Windows Kits\8.1\Include\um\oaidl.idl
         oaidl.idl
         Processing C:\Program Files (x86)\Windows Kits\8.1\Include\um\objidl.idl
         objidl.idl
         Processing C:\Program Files (x86)\Windows Kits\8.1\Include\um\unknwn.idl
         unknwn.idl
         Processing C:\Program Files (x86)\Windows Kits\8.1\Include\shared\wtypes.idl
         wtypes.idl
         Processing C:\Program Files (x86)\Windows Kits\8.1\Include\shared\wtypesbase.idl
         wtypesbase.idl
         Processing C:\Program Files (x86)\Windows Kits\8.1\Include\shared\basetsd.h
         basetsd.h
         Processing C:\Program Files (x86)\Windows Kits\8.1\Include\shared\guiddef.h
         guiddef.h
         Processing C:\Program Files (x86)\Windows Kits\8.1\Include\um\oaidl.acf
         oaidl.acf
       ClCompile:
         C:\Program Files (x86)\Microsoft Visual Studio 12.0\VC\bin\CL.exe /c /IF:\endecode\inc32 /Zi /nologo /W3 /WX- /sdl /O2 /Oi /Oy- /GL /D WIN32 /D _WINDOWS /D NDEBUG /D _USRDLL /D _CRT_SECURE_NO_WARNINGS /D _WINDLL /D _UNICODE /D UNICODE /Gm- /EHsc /MT /GS /Gy /fp:precise /Zc:wchar_t /Zc:forScope /Yc"stdafx.h" /Fp"Release\MiddleWareX.pch" /Fo"Release\\" /Fd"Release\vc120.pdb" /Gd /TP /analyze- /errorReport:prompt stdafx.cpp
         stdafx.cpp
         C:\Program Files (x86)\Microsoft Visual Studio 12.0\VC\bin\CL.exe /c /IF:\endecode\inc32 /Zi /nologo /W3 /WX- /sdl /O2 /Oi /Oy- /GL /D WIN32 /D _WINDOWS /D NDEBUG /D _USRDLL /D _CRT_SECURE_NO_WARNINGS /D _WINDLL /D _UNICODE /D UNICODE /Gm- /EHsc /MT /GS /Gy /fp:precise /Zc:wchar_t /Zc:forScope /Yu"stdafx.h" /Fp"Release\MiddleWareX.pch" /Fo"Release\\" /Fd"Release\vc120.pdb" /Gd /TP /analyze- /errorReport:prompt MiddleWareX.cpp MiddleWareXCtrl.cpp MiddleWareXPropPage.cpp Util.cpp
         MiddleWareX.cpp
         MiddleWareXCtrl.cpp
         MiddleWareXPropPage.cpp
         Util.cpp
       ResourceCompile:
         C:\Program Files (x86)\Windows Kits\8.1\bin\x86\rc.exe /D NDEBUG /D _UNICODE /D UNICODE /l"0x0804" /IRelease\ /nologo /fo"Release\MiddleWareX.res" MiddleWareX.rc 
       Link:
         C:\Program Files (x86)\Microsoft Visual Studio 12.0\VC\bin\link.exe /ERRORREPORT:PROMPT /OUT:"E:\tu\vs_project\MiddleWareX\Release\MiddleWareX.ocx" /INCREMENTAL:NO /NOLOGO /LIBPATH:F:\endecode\lib libeay32.lib ssleay32.lib /DEF:".\MiddleWareX.def" /MANIFEST /MANIFESTUAC:"level='asInvoker' uiAccess='false'" /manifest:embed /manifestinput:"C:\Program Files (x86)\Microsoft Visual Studio 12.0\VC\Include\Manifest\dpiaware.manifest" /DEBUG /PDB:"E:\tu\vs_project\MiddleWareX\Release\MiddleWareX.pdb" /SUBSYSTEM:WINDOWS /OPT:REF /OPT:ICF /LTCG /TLBID:1 /DYNAMICBASE /NXCOMPAT /IMPLIB:"E:\tu\vs_project\MiddleWareX\Release\MiddleWareX.lib" /MACHINE:X86 /SAFESEH /DLL Release\MiddleWareX.res
         Release\MiddleWareX.obj
         Release\MiddleWareXCtrl.obj
         Release\MiddleWareXPropPage.obj
         Release\stdafx.obj
         Release\Util.obj
            正在创建库 E:\tu\vs_project\MiddleWareX\Release\MiddleWareX.lib 和对象 E:\tu\vs_project\MiddleWareX\Release\MiddleWareX.exp
         正在生成代码
         已完成代码的生成
         MiddleWareX.vcxproj -> E:\tu\vs_project\MiddleWareX\Release\MiddleWareX.ocx
       RegisterOutput:
         regsvr32 /s "E:\tu\vs_project\MiddleWareX\Release\MiddleWareX.ocx"
     1>已完成生成项目“E:\tu\vs_project\MiddleWareX\MiddleWareX\MiddleWareX.vcxproj”(Rebuild 个目标)的操作。

生成成功。

已用时间 00:00:11.19
