e:\tu\vs_project\middlewarex\middlewarex\release\middlewarex.pch
e:\tu\vs_project\middlewarex\middlewarex\release\vc120.pdb
e:\tu\vs_project\middlewarex\middlewarex\release\stdafx.obj
e:\tu\vs_project\middlewarex\middlewarex\release\util.obj
e:\tu\vs_project\middlewarex\middlewarex\release\middlewarexproppage.obj
e:\tu\vs_project\middlewarex\middlewarex\release\middlewarexctrl.obj
e:\tu\vs_project\middlewarex\middlewarex\release\middlewarex.obj
e:\tu\vs_project\middlewarex\release\middlewarex.ocx
e:\tu\vs_project\middlewarex\release\middlewarex.pdb
e:\tu\vs_project\middlewarex\release\middlewarex.lib
e:\tu\vs_project\middlewarex\release\middlewarex.exp
e:\tu\vs_project\middlewarex\middlewarex\release\middlewarex.tlb
e:\tu\vs_project\middlewarex\middlewarex\middlewarex_i.c
e:\tu\vs_project\middlewarex\middlewarex\middlewarexidl.h
e:\tu\vs_project\middlewarex\middlewarex\release\middlewarex.res
e:\tu\vs_project\middlewarex\middlewarex\release\middlewarex.tlog\cl.command.1.tlog
e:\tu\vs_project\middlewarex\middlewarex\release\middlewarex.tlog\cl.read.1.tlog
e:\tu\vs_project\middlewarex\middlewarex\release\middlewarex.tlog\cl.write.1.tlog
e:\tu\vs_project\middlewarex\middlewarex\release\middlewarex.tlog\link.command.1.tlog
e:\tu\vs_project\middlewarex\middlewarex\release\middlewarex.tlog\link.read.1.tlog
e:\tu\vs_project\middlewarex\middlewarex\release\middlewarex.tlog\link.write.1.tlog
e:\tu\vs_project\middlewarex\middlewarex\release\middlewarex.tlog\middlewarex.write.1u.tlog
e:\tu\vs_project\middlewarex\middlewarex\release\middlewarex.tlog\midl.command.1.tlog
e:\tu\vs_project\middlewarex\middlewarex\release\middlewarex.tlog\midl.read.1.tlog
e:\tu\vs_project\middlewarex\middlewarex\release\middlewarex.tlog\midl.write.1.tlog
e:\tu\vs_project\middlewarex\middlewarex\release\middlewarex.tlog\rc.command.1.tlog
e:\tu\vs_project\middlewarex\middlewarex\release\middlewarex.tlog\rc.read.1.tlog
e:\tu\vs_project\middlewarex\middlewarex\release\middlewarex.tlog\rc.write.1.tlog
