生成启动时间为 2018/9/12 17:10:50。
     1>项目“E:\tu\vs_project\MiddleWareX\MiddleWareX\MiddleWareX.vcxproj”在节点 2 上(Rebuild 个目标)。
     1>Midl:
         C:\Program Files (x86)\Windows Kits\8.1\bin\x86\midl.exe /D _DEBUG /W1 /nologo /char signed /env win32 /h "MiddleWareXidl.h" /tlb "Debug\MiddleWareX.tlb" /robust MiddleWareX.idl 
         Processing .\MiddleWareX.idl
         MiddleWareX.idl
         Processing C:\Program Files (x86)\Windows Kits\8.1\Include\um\oaidl.idl
         oaidl.idl
         Processing C:\Program Files (x86)\Windows Kits\8.1\Include\um\objidl.idl
         objidl.idl
         Processing C:\Program Files (x86)\Windows Kits\8.1\Include\um\unknwn.idl
         unknwn.idl
         Processing C:\Program Files (x86)\Windows Kits\8.1\Include\shared\wtypes.idl
         wtypes.idl
         Processing C:\Program Files (x86)\Windows Kits\8.1\Include\shared\wtypesbase.idl
         wtypesbase.idl
         Processing C:\Program Files (x86)\Windows Kits\8.1\Include\shared\basetsd.h
         basetsd.h
         Processing C:\Program Files (x86)\Windows Kits\8.1\Include\shared\guiddef.h
         guiddef.h
         Processing C:\Program Files (x86)\Windows Kits\8.1\Include\um\oaidl.acf
         oaidl.acf
       ClCompile:
         C:\Program Files (x86)\Microsoft Visual Studio 12.0\VC\bin\CL.exe /c /IF:\endecode\inc32 /ZI /nologo /W3 /WX- /sdl /Od /Oy- /D WIN32 /D _WINDOWS /D _DEBUG /D _USRDLL /D _CRT_SECURE_NO_WARNINGS /D _WINDLL /D _UNICODE /D UNICODE /D _AFXDLL /Gm /EHsc /RTC1 /MDd /GS /fp:precise /Zc:wchar_t /Zc:forScope /Yc"stdafx.h" /Fp"Debug\MiddleWareX.pch" /Fo"Debug\\" /Fd"Debug\vc120.pdb" /Gd /TP /analyze- /errorReport:prompt stdafx.cpp
         stdafx.cpp
         C:\Program Files (x86)\Microsoft Visual Studio 12.0\VC\bin\CL.exe /c /IF:\endecode\inc32 /ZI /nologo /W3 /WX- /sdl /Od /Oy- /D WIN32 /D _WINDOWS /D _DEBUG /D _USRDLL /D _CRT_SECURE_NO_WARNINGS /D _WINDLL /D _UNICODE /D UNICODE /D _AFXDLL /Gm /EHsc /RTC1 /MDd /GS /fp:precise /Zc:wchar_t /Zc:forScope /Yu"stdafx.h" /Fp"Debug\MiddleWareX.pch" /Fo"Debug\\" /Fd"Debug\vc120.pdb" /Gd /TP /analyze- /errorReport:prompt MiddleWareX.cpp MiddleWareXCtrl.cpp MiddleWareXPropPage.cpp Util.cpp
         Util.cpp
         MiddleWareXPropPage.cpp
         MiddleWareXCtrl.cpp
         MiddleWareX.cpp
         正在生成代码...
       ResourceCompile:
         C:\Program Files (x86)\Windows Kits\8.1\bin\x86\rc.exe /D _DEBUG /D _UNICODE /D UNICODE /D _AFXDLL /l"0x0804" /IDebug\ /nologo /fo"Debug\MiddleWareX.res" MiddleWareX.rc 
       Link:
         C:\Program Files (x86)\Microsoft Visual Studio 12.0\VC\bin\link.exe /ERRORREPORT:PROMPT /OUT:"E:\tu\vs_project\MiddleWareX\Debug\MiddleWareX.ocx" /INCREMENTAL /NOLOGO /LIBPATH:F:\endecode\lib libeay32.lib ssleay32.lib /DEF:".\MiddleWareX.def" /MANIFEST /MANIFESTUAC:"level='asInvoker' uiAccess='false'" /manifest:embed /manifestinput:"C:\Program Files (x86)\Microsoft Visual Studio 12.0\VC\Include\Manifest\dpiaware.manifest" /DEBUG /PDB:"E:\tu\vs_project\MiddleWareX\Debug\MiddleWareX.pdb" /SUBSYSTEM:WINDOWS /TLBID:1 /DYNAMICBASE /NXCOMPAT /IMPLIB:"E:\tu\vs_project\MiddleWareX\Debug\MiddleWareX.lib" /MACHINE:X86 /DLL Debug\MiddleWareX.res
         Debug\MiddleWareX.obj
         Debug\MiddleWareXCtrl.obj
         Debug\MiddleWareXPropPage.obj
         Debug\stdafx.obj
         Debug\Util.obj
            正在创建库 E:\tu\vs_project\MiddleWareX\Debug\MiddleWareX.lib 和对象 E:\tu\vs_project\MiddleWareX\Debug\MiddleWareX.exp
         MiddleWareX.vcxproj -> E:\tu\vs_project\MiddleWareX\Debug\MiddleWareX.ocx
       RegisterOutput:
         regsvr32 /s "E:\tu\vs_project\MiddleWareX\Debug\MiddleWareX.ocx"
     1>已完成生成项目“E:\tu\vs_project\MiddleWareX\MiddleWareX\MiddleWareX.vcxproj”(Rebuild 个目标)的操作。

生成成功。

已用时间 00:00:07.39
