e:\tu\vs_project\middlewarex\middlewarex\debug\middlewarex.pch
e:\tu\vs_project\middlewarex\middlewarex\debug\vc120.pdb
e:\tu\vs_project\middlewarex\middlewarex\debug\vc120.idb
e:\tu\vs_project\middlewarex\middlewarex\debug\stdafx.obj
e:\tu\vs_project\middlewarex\middlewarex\debug\middlewarexctrl.obj
e:\tu\vs_project\middlewarex\middlewarex\debug\middlewarexproppage.obj
e:\tu\vs_project\middlewarex\middlewarex\debug\middlewarex.obj
e:\tu\vs_project\middlewarex\middlewarex\debug\util.obj
e:\tu\vs_project\middlewarex\debug\middlewarex.ilk
e:\tu\vs_project\middlewarex\debug\middlewarex.ocx
e:\tu\vs_project\middlewarex\debug\middlewarex.pdb
e:\tu\vs_project\middlewarex\debug\middlewarex.lib
e:\tu\vs_project\middlewarex\debug\middlewarex.exp
e:\tu\vs_project\middlewarex\middlewarex\debug\middlewarex.tlb
e:\tu\vs_project\middlewarex\middlewarex\middlewarex_i.c
e:\tu\vs_project\middlewarex\middlewarex\middlewarexidl.h
e:\tu\vs_project\middlewarex\middlewarex\debug\middlewarex.res
e:\tu\vs_project\middlewarex\middlewarex\debug\middlewarex.tlog\cl.command.1.tlog
e:\tu\vs_project\middlewarex\middlewarex\debug\middlewarex.tlog\cl.read.1.tlog
e:\tu\vs_project\middlewarex\middlewarex\debug\middlewarex.tlog\cl.write.1.tlog
e:\tu\vs_project\middlewarex\middlewarex\debug\middlewarex.tlog\link.command.1.tlog
e:\tu\vs_project\middlewarex\middlewarex\debug\middlewarex.tlog\link.read.1.tlog
e:\tu\vs_project\middlewarex\middlewarex\debug\middlewarex.tlog\link.write.1.tlog
e:\tu\vs_project\middlewarex\middlewarex\debug\middlewarex.tlog\middlewarex.write.1u.tlog
e:\tu\vs_project\middlewarex\middlewarex\debug\middlewarex.tlog\midl.command.1.tlog
e:\tu\vs_project\middlewarex\middlewarex\debug\middlewarex.tlog\midl.read.1.tlog
e:\tu\vs_project\middlewarex\middlewarex\debug\middlewarex.tlog\midl.write.1.tlog
e:\tu\vs_project\middlewarex\middlewarex\debug\middlewarex.tlog\rc.command.1.tlog
e:\tu\vs_project\middlewarex\middlewarex\debug\middlewarex.tlog\rc.read.1.tlog
e:\tu\vs_project\middlewarex\middlewarex\debug\middlewarex.tlog\rc.write.1.tlog
